2003.04.13 02:51 A C:\Documents and Settings\dhstii\My Documents\pictures\deadbicycle\anti\love\pages\attachments.php <-- deadbicycle /www/anti/love/pages attachments.php
2003.04.13 02:51 A C:\Documents and Settings\dhstii\My Documents\pictures\deadbicycle\anti\love\pages\datedel.php <-- deadbicycle /www/anti/love/pages datedel.php
2003.04.13 02:51 A C:\Documents and Settings\dhstii\My Documents\pictures\deadbicycle\anti\love\pages\db.php <-- deadbicycle /www/anti/love/pages db.php
2003.04.13 02:51 A C:\Documents and Settings\dhstii\My Documents\pictures\deadbicycle\anti\love\pages\easyadmin.php <-- deadbicycle /www/anti/love/pages easyadmin.php
2003.04.13 02:51 A C:\Documents and Settings\dhstii\My Documents\pictures\deadbicycle\anti\love\pages\edit.php <-- deadbicycle /www/anti/love/pages edit.php
2003.04.13 02:51 A C:\Documents and Settings\dhstii\My Documents\pictures\deadbicycle\anti\love\pages\files.php <-- deadbicycle /www/anti/love/pages files.php
2003.04.13 02:51 A C:\Documents and Settings\dhstii\My Documents\pictures\deadbicycle\anti\love\pages\global.php <-- deadbicycle /www/anti/love/pages global.php
2003.04.13 02:51 A C:\Documents and Settings\dhstii\My Documents\pictures\deadbicycle\anti\love\pages\html.php <-- deadbicycle /www/anti/love/pages html.php
2003.04.13 02:51 A C:\Documents and Settings\dhstii\My Documents\pictures\deadbicycle\anti\love\pages\install.php <-- deadbicycle /www/anti/love/pages install.php
2003.04.13 02:51 A C:\Documents and Settings\dhstii\My Documents\pictures\deadbicycle\anti\love\pages\main.php <-- deadbicycle /www/anti/love/pages main.php
2003.04.13 02:51 A C:\Documents and Settings\dhstii\My Documents\pictures\deadbicycle\anti\love\pages\manage.php <-- deadbicycle /www/anti/love/pages manage.php
2003.04.13 02:51 A C:\Documents and Settings\dhstii\My Documents\pictures\deadbicycle\anti\love\pages\managemenu.php <-- deadbicycle /www/anti/love/pages managemenu.php
2003.04.13 02:51 A C:\Documents and Settings\dhstii\My Documents\pictures\deadbicycle\anti\love\pages\moderate.php <-- deadbicycle /www/anti/love/pages moderate.php
2003.04.13 02:51 A C:\Documents and Settings\dhstii\My Documents\pictures\deadbicycle\anti\love\pages\new.php <-- deadbicycle /www/anti/love/pages new.php
2003.04.13 02:51 A C:\Documents and Settings\dhstii\My Documents\pictures\deadbicycle\anti\love\pages\pass.php <-- deadbicycle /www/anti/love/pages pass.php
2003.04.13 02:51 A C:\Documents and Settings\dhstii\My Documents\pictures\deadbicycle\anti\love\pages\plugin.php <-- deadbicycle /www/anti/love/pages plugin.php
2003.04.13 02:51 A C:\Documents and Settings\dhstii\My Documents\pictures\deadbicycle\anti\love\pages\props.php <-- deadbicycle /www/anti/love/pages props.php
2003.04.13 02:51 A C:\Documents and Settings\dhstii\My Documents\pictures\deadbicycle\anti\love\pages\quickapp.php <-- deadbicycle /www/anti/love/pages quickapp.php
2003.04.13 02:51 A C:\Documents and Settings\dhstii\My Documents\pictures\deadbicycle\anti\love\pages\quickdel.php <-- deadbicycle /www/anti/love/pages quickdel.php
2003.04.13 02:51 A C:\Documents and Settings\dhstii\My Documents\pictures\deadbicycle\anti\love\pages\quickedit.php <-- deadbicycle /www/anti/love/pages quickedit.php
2003.04.13 02:51 A C:\Documents and Settings\dhstii\My Documents\pictures\deadbicycle\anti\love\pages\recentadmin.php <-- deadbicycle /www/anti/love/pages recentadmin.php
2003.04.13 02:51 A C:\Documents and Settings\dhstii\My Documents\pictures\deadbicycle\anti\love\pages\useradmin.php <-- deadbicycle /www/anti/love/pages useradmin.php
2003.04.13 02:51 A C:\Documents and Settings\dhstii\My Documents\pictures\deadbicycle\anti\love\pages\version.php <-- deadbicycle /www/anti/love/pages version.php
2003.04.13 23:49 A C:\Documents and Settings\dhstii\My Documents\deadbicycle\anti\love\pages\attachments.php --> deaddeaddead.com /public_html/anti/love/pages attachments.php
2003.04.13 23:49 A C:\Documents and Settings\dhstii\My Documents\deadbicycle\anti\love\pages\datedel.php --> deaddeaddead.com /public_html/anti/love/pages datedel.php
2003.04.13 23:49 A C:\Documents and Settings\dhstii\My Documents\deadbicycle\anti\love\pages\db.php --> deaddeaddead.com /public_html/anti/love/pages db.php
2003.04.13 23:49 A C:\Documents and Settings\dhstii\My Documents\deadbicycle\anti\love\pages\easyadmin.php --> deaddeaddead.com /public_html/anti/love/pages easyadmin.php
2003.04.13 23:49 A C:\Documents and Settings\dhstii\My Documents\deadbicycle\anti\love\pages\edit.php --> deaddeaddead.com /public_html/anti/love/pages edit.php
2003.04.13 23:49 A C:\Documents and Settings\dhstii\My Documents\deadbicycle\anti\love\pages\files.php --> deaddeaddead.com /public_html/anti/love/pages files.php
2003.04.13 23:49 A C:\Documents and Settings\dhstii\My Documents\deadbicycle\anti\love\pages\global.php --> deaddeaddead.com /public_html/anti/love/pages global.php
2003.04.13 23:49 A C:\Documents and Settings\dhstii\My Documents\deadbicycle\anti\love\pages\html.php --> deaddeaddead.com /public_html/anti/love/pages html.php
2003.04.13 23:49 A C:\Documents and Settings\dhstii\My Documents\deadbicycle\anti\love\pages\install.php --> deaddeaddead.com /public_html/anti/love/pages install.php
2003.04.13 23:49 A C:\Documents and Settings\dhstii\My Documents\deadbicycle\anti\love\pages\main.php --> deaddeaddead.com /public_html/anti/love/pages main.php
2003.04.13 23:49 A C:\Documents and Settings\dhstii\My Documents\deadbicycle\anti\love\pages\manage.php --> deaddeaddead.com /public_html/anti/love/pages manage.php
2003.04.13 23:49 A C:\Documents and Settings\dhstii\My Documents\deadbicycle\anti\love\pages\managemenu.php --> deaddeaddead.com /public_html/anti/love/pages managemenu.php
2003.04.13 23:49 A C:\Documents and Settings\dhstii\My Documents\deadbicycle\anti\love\pages\moderate.php --> deaddeaddead.com /public_html/anti/love/pages moderate.php
2003.04.13 23:49 A C:\Documents and Settings\dhstii\My Documents\deadbicycle\anti\love\pages\new.php --> deaddeaddead.com /public_html/anti/love/pages new.php
2003.04.13 23:49 A C:\Documents and Settings\dhstii\My Documents\deadbicycle\anti\love\pages\pass.php --> deaddeaddead.com /public_html/anti/love/pages pass.php
2003.04.13 23:49 A C:\Documents and Settings\dhstii\My Documents\deadbicycle\anti\love\pages\plugin.php --> deaddeaddead.com /public_html/anti/love/pages plugin.php
2003.04.13 23:49 A C:\Documents and Settings\dhstii\My Documents\deadbicycle\anti\love\pages\props.php --> deaddeaddead.com /public_html/anti/love/pages props.php
2003.04.13 23:49 A C:\Documents and Settings\dhstii\My Documents\deadbicycle\anti\love\pages\quickapp.php --> deaddeaddead.com /public_html/anti/love/pages quickapp.php
2003.04.13 23:49 A C:\Documents and Settings\dhstii\My Documents\deadbicycle\anti\love\pages\quickdel.php --> deaddeaddead.com /public_html/anti/love/pages quickdel.php
2003.04.13 23:49 A C:\Documents and Settings\dhstii\My Documents\deadbicycle\anti\love\pages\quickedit.php --> deaddeaddead.com /public_html/anti/love/pages quickedit.php
2003.04.13 23:49 A C:\Documents and Settings\dhstii\My Documents\deadbicycle\anti\love\pages\recentadmin.php --> deaddeaddead.com /public_html/anti/love/pages recentadmin.php
2003.04.13 23:49 A C:\Documents and Settings\dhstii\My Documents\deadbicycle\anti\love\pages\useradmin.php --> deaddeaddead.com /public_html/anti/love/pages useradmin.php
2003.04.13 23:49 A C:\Documents and Settings\dhstii\My Documents\deadbicycle\anti\love\pages\version.php --> deaddeaddead.com /public_html/anti/love/pages version.php
2003.04.13 23:49 A C:\Documents and Settings\dhstii\My Documents\deadbicycle\anti\love\pages\WS_FTP.LOG --> deaddeaddead.com /public_html/anti/love/pages WS_FTP.LOG
