2003.04.13 02:50 A C:\Documents and Settings\dhstii\My Documents\pictures\deadbicycle\anti\include\auth.php <-- deadbicycle /www/anti/include auth.php
2003.04.13 02:50 A C:\Documents and Settings\dhstii\My Documents\pictures\deadbicycle\anti\include\auth_db.php <-- deadbicycle /www/anti/include auth_db.php
2003.04.13 02:50 A C:\Documents and Settings\dhstii\My Documents\pictures\deadbicycle\anti\include\auth_plain.php <-- deadbicycle /www/anti/include auth_plain.php
2003.04.13 02:50 A C:\Documents and Settings\dhstii\My Documents\pictures\deadbicycle\anti\include\bad_emails.php <-- deadbicycle /www/anti/include bad_emails.php
2003.04.13 02:50 A C:\Documents and Settings\dhstii\My Documents\pictures\deadbicycle\anti\include\bad_hosts.php <-- deadbicycle /www/anti/include bad_hosts.php
2003.04.13 02:50 A C:\Documents and Settings\dhstii\My Documents\pictures\deadbicycle\anti\include\bad_names.php <-- deadbicycle /www/anti/include bad_names.php
2003.04.13 02:50 A C:\Documents and Settings\dhstii\My Documents\pictures\deadbicycle\anti\include\badnoiseform.php <-- deadbicycle /www/anti/include badnoiseform.php
2003.04.13 02:50 A C:\Documents and Settings\dhstii\My Documents\pictures\deadbicycle\anti\include\blankset.php <-- deadbicycle /www/anti/include blankset.php
2003.04.13 02:50 A C:\Documents and Settings\dhstii\My Documents\pictures\deadbicycle\anti\include\castleform.php <-- deadbicycle /www/anti/include castleform.php
2003.04.13 02:50 A C:\Documents and Settings\dhstii\My Documents\pictures\deadbicycle\anti\include\censor.php <-- deadbicycle /www/anti/include censor.php
2003.04.13 02:50 A C:\Documents and Settings\dhstii\My Documents\pictures\deadbicycle\anti\include\deadform.php <-- deadbicycle /www/anti/include deadform.php
2003.04.13 02:50 A C:\Documents and Settings\dhstii\My Documents\pictures\deadbicycle\anti\include\delete_message.php <-- deadbicycle /www/anti/include delete_message.php
2003.04.13 02:50 A C:\Documents and Settings\dhstii\My Documents\pictures\deadbicycle\anti\include\feedform.php <-- deadbicycle /www/anti/include feedform.php
2003.04.13 02:50 A C:\Documents and Settings\dhstii\My Documents\pictures\deadbicycle\anti\include\feedread_functions.php <-- deadbicycle /www/anti/include feedread_functions.php
2003.04.13 02:50 A C:\Documents and Settings\dhstii\My Documents\pictures\deadbicycle\anti\include\footer.php <-- deadbicycle /www/anti/include footer.php
2003.04.13 02:50 A C:\Documents and Settings\dhstii\My Documents\pictures\deadbicycle\anti\include\form.php <-- deadbicycle /www/anti/include form.php
2003.04.13 02:50 A C:\Documents and Settings\dhstii\My Documents\pictures\deadbicycle\anti\include\form2.php <-- deadbicycle /www/anti/include form2.php
2003.04.13 02:50 A C:\Documents and Settings\dhstii\My Documents\pictures\deadbicycle\anti\include\header.php <-- deadbicycle /www/anti/include header.php
2003.04.13 02:50 A C:\Documents and Settings\dhstii\My Documents\pictures\deadbicycle\anti\include\header2.php <-- deadbicycle /www/anti/include header2.php
2003.04.13 02:50 A C:\Documents and Settings\dhstii\My Documents\pictures\deadbicycle\anti\include\header3.php <-- deadbicycle /www/anti/include header3.php
2003.04.13 02:50 A C:\Documents and Settings\dhstii\My Documents\pictures\deadbicycle\anti\include\header4.php <-- deadbicycle /www/anti/include header4.php
2003.04.13 02:50 A C:\Documents and Settings\dhstii\My Documents\pictures\deadbicycle\anti\include\header5.php <-- deadbicycle /www/anti/include header5.php
2003.04.13 02:50 A C:\Documents and Settings\dhstii\My Documents\pictures\deadbicycle\anti\include\header6.php <-- deadbicycle /www/anti/include header6.php
2003.04.13 02:50 A C:\Documents and Settings\dhstii\My Documents\pictures\deadbicycle\anti\include\log.php <-- deadbicycle /www/anti/include log.php
2003.04.13 02:50 A C:\Documents and Settings\dhstii\My Documents\pictures\deadbicycle\anti\include\multi-threads.php <-- deadbicycle /www/anti/include multi-threads.php
2003.04.13 02:50 A C:\Documents and Settings\dhstii\My Documents\pictures\deadbicycle\anti\include\noiseform.php <-- deadbicycle /www/anti/include noiseform.php
2003.04.13 02:50 A C:\Documents and Settings\dhstii\My Documents\pictures\deadbicycle\anti\include\noiseheader.php <-- deadbicycle /www/anti/include noiseheader.php
2003.04.13 02:50 A C:\Documents and Settings\dhstii\My Documents\pictures\deadbicycle\anti\include\noisepost_functions.php <-- deadbicycle /www/anti/include noisepost_functions.php
2003.04.13 02:50 A C:\Documents and Settings\dhstii\My Documents\pictures\deadbicycle\anti\include\noiseread_functions.php <-- deadbicycle /www/anti/include noiseread_functions.php
2003.04.13 02:50 A C:\Documents and Settings\dhstii\My Documents\pictures\deadbicycle\anti\include\oldform.php <-- deadbicycle /www/anti/include oldform.php
2003.04.13 02:50 A C:\Documents and Settings\dhstii\My Documents\pictures\deadbicycle\anti\include\post_functions.php <-- deadbicycle /www/anti/include post_functions.php
2003.04.13 02:50 A C:\Documents and Settings\dhstii\My Documents\pictures\deadbicycle\anti\include\read_functions.php <-- deadbicycle /www/anti/include read_functions.php
2003.04.13 02:50 A C:\Documents and Settings\dhstii\My Documents\pictures\deadbicycle\anti\include\register_globals.php <-- deadbicycle /www/anti/include register_globals.php
2003.04.13 02:50 A C:\Documents and Settings\dhstii\My Documents\pictures\deadbicycle\anti\include\threads.php <-- deadbicycle /www/anti/include threads.php
2003.04.13 23:49 A C:\Documents and Settings\dhstii\My Documents\deadbicycle\anti\include\auth.php --> deaddeaddead.com /public_html/anti/include auth.php
2003.04.13 23:49 A C:\Documents and Settings\dhstii\My Documents\deadbicycle\anti\include\auth_db.php --> deaddeaddead.com /public_html/anti/include auth_db.php
2003.04.13 23:49 A C:\Documents and Settings\dhstii\My Documents\deadbicycle\anti\include\auth_plain.php --> deaddeaddead.com /public_html/anti/include auth_plain.php
2003.04.13 23:49 A C:\Documents and Settings\dhstii\My Documents\deadbicycle\anti\include\bad_emails.php --> deaddeaddead.com /public_html/anti/include bad_emails.php
2003.04.13 23:49 A C:\Documents and Settings\dhstii\My Documents\deadbicycle\anti\include\bad_hosts.php --> deaddeaddead.com /public_html/anti/include bad_hosts.php
2003.04.13 23:49 A C:\Documents and Settings\dhstii\My Documents\deadbicycle\anti\include\bad_names.php --> deaddeaddead.com /public_html/anti/include bad_names.php
2003.04.13 23:49 A C:\Documents and Settings\dhstii\My Documents\deadbicycle\anti\include\badnoiseform.php --> deaddeaddead.com /public_html/anti/include badnoiseform.php
2003.04.13 23:49 A C:\Documents and Settings\dhstii\My Documents\deadbicycle\anti\include\blankset.php --> deaddeaddead.com /public_html/anti/include blankset.php
2003.04.13 23:49 A C:\Documents and Settings\dhstii\My Documents\deadbicycle\anti\include\castleform.php --> deaddeaddead.com /public_html/anti/include castleform.php
2003.04.13 23:49 A C:\Documents and Settings\dhstii\My Documents\deadbicycle\anti\include\censor.php --> deaddeaddead.com /public_html/anti/include censor.php
2003.04.13 23:49 A C:\Documents and Settings\dhstii\My Documents\deadbicycle\anti\include\deadform.php --> deaddeaddead.com /public_html/anti/include deadform.php
2003.04.13 23:49 A C:\Documents and Settings\dhstii\My Documents\deadbicycle\anti\include\delete_message.php --> deaddeaddead.com /public_html/anti/include delete_message.php
2003.04.13 23:49 A C:\Documents and Settings\dhstii\My Documents\deadbicycle\anti\include\feedform.php --> deaddeaddead.com /public_html/anti/include feedform.php
2003.04.13 23:49 A C:\Documents and Settings\dhstii\My Documents\deadbicycle\anti\include\feedread_functions.php --> deaddeaddead.com /public_html/anti/include feedread_functions.php
2003.04.13 23:49 A C:\Documents and Settings\dhstii\My Documents\deadbicycle\anti\include\footer.php --> deaddeaddead.com /public_html/anti/include footer.php
2003.04.13 23:49 A C:\Documents and Settings\dhstii\My Documents\deadbicycle\anti\include\form.php --> deaddeaddead.com /public_html/anti/include form.php
2003.04.13 23:49 A C:\Documents and Settings\dhstii\My Documents\deadbicycle\anti\include\form2.php --> deaddeaddead.com /public_html/anti/include form2.php
2003.04.13 23:49 A C:\Documents and Settings\dhstii\My Documents\deadbicycle\anti\include\header.php --> deaddeaddead.com /public_html/anti/include header.php
2003.04.13 23:49 A C:\Documents and Settings\dhstii\My Documents\deadbicycle\anti\include\header2.php --> deaddeaddead.com /public_html/anti/include header2.php
2003.04.13 23:49 A C:\Documents and Settings\dhstii\My Documents\deadbicycle\anti\include\header3.php --> deaddeaddead.com /public_html/anti/include header3.php
2003.04.13 23:49 A C:\Documents and Settings\dhstii\My Documents\deadbicycle\anti\include\header4.php --> deaddeaddead.com /public_html/anti/include header4.php
2003.04.13 23:49 A C:\Documents and Settings\dhstii\My Documents\deadbicycle\anti\include\header5.php --> deaddeaddead.com /public_html/anti/include header5.php
2003.04.13 23:49 A C:\Documents and Settings\dhstii\My Documents\deadbicycle\anti\include\header6.php --> deaddeaddead.com /public_html/anti/include header6.php
2003.04.13 23:49 A C:\Documents and Settings\dhstii\My Documents\deadbicycle\anti\include\log.php --> deaddeaddead.com /public_html/anti/include log.php
2003.04.13 23:49 A C:\Documents and Settings\dhstii\My Documents\deadbicycle\anti\include\multi-threads.php --> deaddeaddead.com /public_html/anti/include multi-threads.php
2003.04.13 23:49 A C:\Documents and Settings\dhstii\My Documents\deadbicycle\anti\include\noiseform.php --> deaddeaddead.com /public_html/anti/include noiseform.php
2003.04.13 23:49 A C:\Documents and Settings\dhstii\My Documents\deadbicycle\anti\include\noiseheader.php --> deaddeaddead.com /public_html/anti/include noiseheader.php
2003.04.13 23:49 A C:\Documents and Settings\dhstii\My Documents\deadbicycle\anti\include\noisepost_functions.php --> deaddeaddead.com /public_html/anti/include noisepost_functions.php
2003.04.13 23:49 A C:\Documents and Settings\dhstii\My Documents\deadbicycle\anti\include\noiseread_functions.php --> deaddeaddead.com /public_html/anti/include noiseread_functions.php
2003.04.13 23:49 A C:\Documents and Settings\dhstii\My Documents\deadbicycle\anti\include\oldform.php --> deaddeaddead.com /public_html/anti/include oldform.php
2003.04.13 23:49 A C:\Documents and Settings\dhstii\My Documents\deadbicycle\anti\include\post_functions.php --> deaddeaddead.com /public_html/anti/include post_functions.php
2003.04.13 23:49 A C:\Documents and Settings\dhstii\My Documents\deadbicycle\anti\include\read_functions.php --> deaddeaddead.com /public_html/anti/include read_functions.php
2003.04.13 23:49 A C:\Documents and Settings\dhstii\My Documents\deadbicycle\anti\include\register_globals.php --> deaddeaddead.com /public_html/anti/include register_globals.php
2003.04.13 23:49 A C:\Documents and Settings\dhstii\My Documents\deadbicycle\anti\include\threads.php --> deaddeaddead.com /public_html/anti/include threads.php
2003.04.13 23:49 A C:\Documents and Settings\dhstii\My Documents\deadbicycle\anti\include\WS_FTP.LOG --> deaddeaddead.com /public_html/anti/include WS_FTP.LOG
