2003.04.13 02:50 A C:\Documents and Settings\dhstii\My Documents\pictures\deadbicycle\anti\love\actions\activate.php <-- deadbicycle /www/anti/love/actions activate.php
2003.04.13 02:50 A C:\Documents and Settings\dhstii\My Documents\pictures\deadbicycle\anti\love\actions\add.php <-- deadbicycle /www/anti/love/actions add.php
2003.04.13 02:50 A C:\Documents and Settings\dhstii\My Documents\pictures\deadbicycle\anti\love\actions\attachments.php <-- deadbicycle /www/anti/love/actions attachments.php
2003.04.13 02:50 A C:\Documents and Settings\dhstii\My Documents\pictures\deadbicycle\anti\love\actions\build.php <-- deadbicycle /www/anti/love/actions build.php
2003.04.13 02:50 A C:\Documents and Settings\dhstii\My Documents\pictures\deadbicycle\anti\love\actions\datedel.php <-- deadbicycle /www/anti/love/actions datedel.php
2003.04.13 02:50 A C:\Documents and Settings\dhstii\My Documents\pictures\deadbicycle\anti\love\actions\db.php <-- deadbicycle /www/anti/love/actions db.php
2003.04.13 02:50 A C:\Documents and Settings\dhstii\My Documents\pictures\deadbicycle\anti\love\actions\deactivate.php <-- deadbicycle /www/anti/love/actions deactivate.php
2003.04.13 02:50 A C:\Documents and Settings\dhstii\My Documents\pictures\deadbicycle\anti\love\actions\del.php <-- deadbicycle /www/anti/love/actions del.php
2003.04.13 02:50 A C:\Documents and Settings\dhstii\My Documents\pictures\deadbicycle\anti\love\actions\drop.php <-- deadbicycle /www/anti/love/actions drop.php
2003.04.13 02:50 A C:\Documents and Settings\dhstii\My Documents\pictures\deadbicycle\anti\love\actions\edit.php <-- deadbicycle /www/anti/love/actions edit.php
2003.04.13 02:50 A C:\Documents and Settings\dhstii\My Documents\pictures\deadbicycle\anti\love\actions\files.php <-- deadbicycle /www/anti/love/actions files.php
2003.04.13 02:50 A C:\Documents and Settings\dhstii\My Documents\pictures\deadbicycle\anti\love\actions\global.php <-- deadbicycle /www/anti/love/actions global.php
2003.04.13 02:50 A C:\Documents and Settings\dhstii\My Documents\pictures\deadbicycle\anti\love\actions\html.php <-- deadbicycle /www/anti/love/actions html.php
2003.04.13 02:50 A C:\Documents and Settings\dhstii\My Documents\pictures\deadbicycle\anti\love\actions\moderate.php <-- deadbicycle /www/anti/love/actions moderate.php
2003.04.13 02:50 A C:\Documents and Settings\dhstii\My Documents\pictures\deadbicycle\anti\love\actions\pass.php <-- deadbicycle /www/anti/love/actions pass.php
2003.04.13 02:50 A C:\Documents and Settings\dhstii\My Documents\pictures\deadbicycle\anti\love\actions\props.php <-- deadbicycle /www/anti/love/actions props.php
2003.04.13 02:50 A C:\Documents and Settings\dhstii\My Documents\pictures\deadbicycle\anti\love\actions\seq.php <-- deadbicycle /www/anti/love/actions seq.php
2003.04.13 02:50 A C:\Documents and Settings\dhstii\My Documents\pictures\deadbicycle\anti\love\actions\start.php <-- deadbicycle /www/anti/love/actions start.php
2003.04.13 02:50 A C:\Documents and Settings\dhstii\My Documents\pictures\deadbicycle\anti\love\actions\stop.php <-- deadbicycle /www/anti/love/actions stop.php
2003.04.13 02:51 A C:\Documents and Settings\dhstii\My Documents\pictures\deadbicycle\anti\love\actions\useradmin.php <-- deadbicycle /www/anti/love/actions useradmin.php
2003.04.13 02:51 A C:\Documents and Settings\dhstii\My Documents\pictures\deadbicycle\anti\love\actions\version.php <-- deadbicycle /www/anti/love/actions version.php
2003.04.13 23:49 A C:\Documents and Settings\dhstii\My Documents\deadbicycle\anti\love\actions\activate.php --> deaddeaddead.com /public_html/anti/love/actions activate.php
2003.04.13 23:49 A C:\Documents and Settings\dhstii\My Documents\deadbicycle\anti\love\actions\add.php --> deaddeaddead.com /public_html/anti/love/actions add.php
2003.04.13 23:49 A C:\Documents and Settings\dhstii\My Documents\deadbicycle\anti\love\actions\attachments.php --> deaddeaddead.com /public_html/anti/love/actions attachments.php
2003.04.13 23:49 A C:\Documents and Settings\dhstii\My Documents\deadbicycle\anti\love\actions\build.php --> deaddeaddead.com /public_html/anti/love/actions build.php
2003.04.13 23:49 A C:\Documents and Settings\dhstii\My Documents\deadbicycle\anti\love\actions\datedel.php --> deaddeaddead.com /public_html/anti/love/actions datedel.php
2003.04.13 23:49 A C:\Documents and Settings\dhstii\My Documents\deadbicycle\anti\love\actions\db.php --> deaddeaddead.com /public_html/anti/love/actions db.php
2003.04.13 23:49 A C:\Documents and Settings\dhstii\My Documents\deadbicycle\anti\love\actions\deactivate.php --> deaddeaddead.com /public_html/anti/love/actions deactivate.php
2003.04.13 23:49 A C:\Documents and Settings\dhstii\My Documents\deadbicycle\anti\love\actions\del.php --> deaddeaddead.com /public_html/anti/love/actions del.php
2003.04.13 23:49 A C:\Documents and Settings\dhstii\My Documents\deadbicycle\anti\love\actions\drop.php --> deaddeaddead.com /public_html/anti/love/actions drop.php
2003.04.13 23:49 A C:\Documents and Settings\dhstii\My Documents\deadbicycle\anti\love\actions\edit.php --> deaddeaddead.com /public_html/anti/love/actions edit.php
2003.04.13 23:49 A C:\Documents and Settings\dhstii\My Documents\deadbicycle\anti\love\actions\files.php --> deaddeaddead.com /public_html/anti/love/actions files.php
2003.04.13 23:49 A C:\Documents and Settings\dhstii\My Documents\deadbicycle\anti\love\actions\global.php --> deaddeaddead.com /public_html/anti/love/actions global.php
2003.04.13 23:49 A C:\Documents and Settings\dhstii\My Documents\deadbicycle\anti\love\actions\html.php --> deaddeaddead.com /public_html/anti/love/actions html.php
2003.04.13 23:49 A C:\Documents and Settings\dhstii\My Documents\deadbicycle\anti\love\actions\moderate.php --> deaddeaddead.com /public_html/anti/love/actions moderate.php
2003.04.13 23:49 A C:\Documents and Settings\dhstii\My Documents\deadbicycle\anti\love\actions\pass.php --> deaddeaddead.com /public_html/anti/love/actions pass.php
2003.04.13 23:49 A C:\Documents and Settings\dhstii\My Documents\deadbicycle\anti\love\actions\props.php --> deaddeaddead.com /public_html/anti/love/actions props.php
2003.04.13 23:49 A C:\Documents and Settings\dhstii\My Documents\deadbicycle\anti\love\actions\seq.php --> deaddeaddead.com /public_html/anti/love/actions seq.php
2003.04.13 23:49 A C:\Documents and Settings\dhstii\My Documents\deadbicycle\anti\love\actions\start.php --> deaddeaddead.com /public_html/anti/love/actions start.php
2003.04.13 23:49 A C:\Documents and Settings\dhstii\My Documents\deadbicycle\anti\love\actions\stop.php --> deaddeaddead.com /public_html/anti/love/actions stop.php
2003.04.13 23:49 A C:\Documents and Settings\dhstii\My Documents\deadbicycle\anti\love\actions\useradmin.php --> deaddeaddead.com /public_html/anti/love/actions useradmin.php
2003.04.13 23:49 A C:\Documents and Settings\dhstii\My Documents\deadbicycle\anti\love\actions\version.php --> deaddeaddead.com /public_html/anti/love/actions version.php
2003.04.13 23:49 A C:\Documents and Settings\dhstii\My Documents\deadbicycle\anti\love\actions\WS_FTP.LOG --> deaddeaddead.com /public_html/anti/love/actions WS_FTP.LOG
