2003.04.13 02:50 A C:\Documents and Settings\dhstii\My Documents\pictures\deadbicycle\anti\images\button.gif <-- deadbicycle /www/anti/images button.gif
2003.04.13 02:50 A C:\Documents and Settings\dhstii\My Documents\pictures\deadbicycle\anti\images\c-invert.gif <-- deadbicycle /www/anti/images c-invert.gif
2003.04.13 02:50 A C:\Documents and Settings\dhstii\My Documents\pictures\deadbicycle\anti\images\c.gif <-- deadbicycle /www/anti/images c.gif
2003.04.13 02:50 A C:\Documents and Settings\dhstii\My Documents\pictures\deadbicycle\anti\images\c2.gif <-- deadbicycle /www/anti/images c2.gif
2003.04.13 02:50 A C:\Documents and Settings\dhstii\My Documents\pictures\deadbicycle\anti\images\fc-invert.gif <-- deadbicycle /www/anti/images fc-invert.gif
2003.04.13 02:50 A C:\Documents and Settings\dhstii\My Documents\pictures\deadbicycle\anti\images\fc.gif <-- deadbicycle /www/anti/images fc.gif
2003.04.13 02:50 A C:\Documents and Settings\dhstii\My Documents\pictures\deadbicycle\anti\images\file.gif <-- deadbicycle /www/anti/images file.gif
2003.04.13 02:50 A C:\Documents and Settings\dhstii\My Documents\pictures\deadbicycle\anti\images\fn-invert.gif <-- deadbicycle /www/anti/images fn-invert.gif
2003.04.13 02:50 A C:\Documents and Settings\dhstii\My Documents\pictures\deadbicycle\anti\images\fn.gif <-- deadbicycle /www/anti/images fn.gif
2003.04.13 02:50 A C:\Documents and Settings\dhstii\My Documents\pictures\deadbicycle\anti\images\help.gif <-- deadbicycle /www/anti/images help.gif
2003.04.13 02:50 A C:\Documents and Settings\dhstii\My Documents\pictures\deadbicycle\anti\images\house2.jpg <-- deadbicycle /www/anti/images house2.jpg
2003.04.13 02:50 A C:\Documents and Settings\dhstii\My Documents\pictures\deadbicycle\anti\images\i-invert.gif <-- deadbicycle /www/anti/images i-invert.gif
2003.04.13 02:50 A C:\Documents and Settings\dhstii\My Documents\pictures\deadbicycle\anti\images\i.gif <-- deadbicycle /www/anti/images i.gif
2003.04.13 02:50 A C:\Documents and Settings\dhstii\My Documents\pictures\deadbicycle\anti\images\i2.gif <-- deadbicycle /www/anti/images i2.gif
2003.04.13 02:50 A C:\Documents and Settings\dhstii\My Documents\pictures\deadbicycle\anti\images\icon_aim.gif <-- deadbicycle /www/anti/images icon_aim.gif
2003.04.13 02:50 A C:\Documents and Settings\dhstii\My Documents\pictures\deadbicycle\anti\images\icon_icq.gif <-- deadbicycle /www/anti/images icon_icq.gif
2003.04.13 02:50 A C:\Documents and Settings\dhstii\My Documents\pictures\deadbicycle\anti\images\icon_jabber.gif <-- deadbicycle /www/anti/images icon_jabber.gif
2003.04.13 02:50 A C:\Documents and Settings\dhstii\My Documents\pictures\deadbicycle\anti\images\icon_msn.gif <-- deadbicycle /www/anti/images icon_msn.gif
2003.04.13 02:50 A C:\Documents and Settings\dhstii\My Documents\pictures\deadbicycle\anti\images\icon_yahoo.gif <-- deadbicycle /www/anti/images icon_yahoo.gif
2003.04.13 02:50 A C:\Documents and Settings\dhstii\My Documents\pictures\deadbicycle\anti\images\image.gif <-- deadbicycle /www/anti/images image.gif
2003.04.13 02:50 A C:\Documents and Settings\dhstii\My Documents\pictures\deadbicycle\anti\images\l-invert.gif <-- deadbicycle /www/anti/images l-invert.gif
2003.04.13 02:50 A C:\Documents and Settings\dhstii\My Documents\pictures\deadbicycle\anti\images\l.gif <-- deadbicycle /www/anti/images l.gif
2003.04.13 02:50 A C:\Documents and Settings\dhstii\My Documents\pictures\deadbicycle\anti\images\l2.gif <-- deadbicycle /www/anti/images l2.gif
2003.04.13 02:50 A C:\Documents and Settings\dhstii\My Documents\pictures\deadbicycle\anti\images\l33t.gif <-- deadbicycle /www/anti/images l33t.gif
2003.04.13 02:50 A C:\Documents and Settings\dhstii\My Documents\pictures\deadbicycle\anti\images\legotrash.jpg <-- deadbicycle /www/anti/images legotrash.jpg
2003.04.13 02:50 A C:\Documents and Settings\dhstii\My Documents\pictures\deadbicycle\anti\images\load.gif <-- deadbicycle /www/anti/images load.gif
2003.04.13 02:50 A C:\Documents and Settings\dhstii\My Documents\pictures\deadbicycle\anti\images\m-invert.gif <-- deadbicycle /www/anti/images m-invert.gif
2003.04.13 02:50 A C:\Documents and Settings\dhstii\My Documents\pictures\deadbicycle\anti\images\m.gif <-- deadbicycle /www/anti/images m.gif
2003.04.13 02:50 A C:\Documents and Settings\dhstii\My Documents\pictures\deadbicycle\anti\images\m2.gif <-- deadbicycle /www/anti/images m2.gif
2003.04.13 02:50 A C:\Documents and Settings\dhstii\My Documents\pictures\deadbicycle\anti\images\n-invert.gif <-- deadbicycle /www/anti/images n-invert.gif
2003.04.13 02:50 A C:\Documents and Settings\dhstii\My Documents\pictures\deadbicycle\anti\images\n.gif <-- deadbicycle /www/anti/images n.gif
2003.04.13 02:50 A C:\Documents and Settings\dhstii\My Documents\pictures\deadbicycle\anti\images\n2.gif <-- deadbicycle /www/anti/images n2.gif
2003.04.13 02:50 A C:\Documents and Settings\dhstii\My Documents\pictures\deadbicycle\anti\images\n3.gif <-- deadbicycle /www/anti/images n3.gif
2003.04.13 02:50 A C:\Documents and Settings\dhstii\My Documents\pictures\deadbicycle\anti\images\n4.gif <-- deadbicycle /www/anti/images n4.gif
2003.04.13 02:50 A C:\Documents and Settings\dhstii\My Documents\pictures\deadbicycle\anti\images\next1.jpg <-- deadbicycle /www/anti/images next1.jpg
2003.04.13 02:50 A C:\Documents and Settings\dhstii\My Documents\pictures\deadbicycle\anti\images\next2.jpg <-- deadbicycle /www/anti/images next2.jpg
2003.04.13 02:50 A C:\Documents and Settings\dhstii\My Documents\pictures\deadbicycle\anti\images\next3.jpg <-- deadbicycle /www/anti/images next3.jpg
2003.04.13 02:50 A C:\Documents and Settings\dhstii\My Documents\pictures\deadbicycle\anti\images\next4.jpg <-- deadbicycle /www/anti/images next4.jpg
2003.04.13 02:50 A C:\Documents and Settings\dhstii\My Documents\pictures\deadbicycle\anti\images\p-invert.gif <-- deadbicycle /www/anti/images p-invert.gif
2003.04.13 02:50 A C:\Documents and Settings\dhstii\My Documents\pictures\deadbicycle\anti\images\p.gif <-- deadbicycle /www/anti/images p.gif
2003.04.13 02:50 A C:\Documents and Settings\dhstii\My Documents\pictures\deadbicycle\anti\images\p2.gif <-- deadbicycle /www/anti/images p2.gif
2003.04.13 02:50 A C:\Documents and Settings\dhstii\My Documents\pictures\deadbicycle\anti\images\phorum.gif <-- deadbicycle /www/anti/images phorum.gif
2003.04.13 02:50 A C:\Documents and Settings\dhstii\My Documents\pictures\deadbicycle\anti\images\t-invert.gif <-- deadbicycle /www/anti/images t-invert.gif
2003.04.13 02:50 A C:\Documents and Settings\dhstii\My Documents\pictures\deadbicycle\anti\images\t.gif <-- deadbicycle /www/anti/images t.gif
2003.04.13 02:50 A C:\Documents and Settings\dhstii\My Documents\pictures\deadbicycle\anti\images\t2.gif <-- deadbicycle /www/anti/images t2.gif
2003.04.13 02:50 A C:\Documents and Settings\dhstii\My Documents\pictures\deadbicycle\anti\images\tinyboyvector.jpg <-- deadbicycle /www/anti/images tinyboyvector.jpg
2003.04.13 02:50 A C:\Documents and Settings\dhstii\My Documents\pictures\deadbicycle\anti\images\trans.gif <-- deadbicycle /www/anti/images trans.gif
2003.04.13 02:52 B C:\Documents and Settings\dhstii\My Documents\pictures\deadbicycle\anti\images\button.gif <-- deadbicycle /www/anti/images button.gif
2003.04.13 02:52 B C:\Documents and Settings\dhstii\My Documents\pictures\deadbicycle\anti\images\fc.gif <-- deadbicycle /www/anti/images fc.gif
2003.04.13 02:52 B C:\Documents and Settings\dhstii\My Documents\pictures\deadbicycle\anti\images\fn-invert.gif <-- deadbicycle /www/anti/images fn-invert.gif
2003.04.13 02:52 B C:\Documents and Settings\dhstii\My Documents\pictures\deadbicycle\anti\images\help.gif <-- deadbicycle /www/anti/images help.gif
2003.04.13 02:52 B C:\Documents and Settings\dhstii\My Documents\pictures\deadbicycle\anti\images\house2.jpg <-- deadbicycle /www/anti/images house2.jpg
2003.04.13 02:52 B C:\Documents and Settings\dhstii\My Documents\pictures\deadbicycle\anti\images\icon_icq.gif <-- deadbicycle /www/anti/images icon_icq.gif
2003.04.13 02:52 B C:\Documents and Settings\dhstii\My Documents\pictures\deadbicycle\anti\images\icon_yahoo.gif <-- deadbicycle /www/anti/images icon_yahoo.gif
2003.04.13 02:52 B C:\Documents and Settings\dhstii\My Documents\pictures\deadbicycle\anti\images\image.gif <-- deadbicycle /www/anti/images image.gif
2003.04.13 02:52 B C:\Documents and Settings\dhstii\My Documents\pictures\deadbicycle\anti\images\l33t.gif <-- deadbicycle /www/anti/images l33t.gif
2003.04.13 02:52 B C:\Documents and Settings\dhstii\My Documents\pictures\deadbicycle\anti\images\legotrash.jpg <-- deadbicycle /www/anti/images legotrash.jpg
2003.04.13 02:52 B C:\Documents and Settings\dhstii\My Documents\pictures\deadbicycle\anti\images\load.gif <-- deadbicycle /www/anti/images load.gif
2003.04.13 02:52 B C:\Documents and Settings\dhstii\My Documents\pictures\deadbicycle\anti\images\next1.jpg <-- deadbicycle /www/anti/images next1.jpg
2003.04.13 02:52 B C:\Documents and Settings\dhstii\My Documents\pictures\deadbicycle\anti\images\next2.jpg <-- deadbicycle /www/anti/images next2.jpg
2003.04.13 02:52 B C:\Documents and Settings\dhstii\My Documents\pictures\deadbicycle\anti\images\next3.jpg <-- deadbicycle /www/anti/images next3.jpg
2003.04.13 02:52 B C:\Documents and Settings\dhstii\My Documents\pictures\deadbicycle\anti\images\next4.jpg <-- deadbicycle /www/anti/images next4.jpg
2003.04.13 02:52 B C:\Documents and Settings\dhstii\My Documents\pictures\deadbicycle\anti\images\phorum.gif <-- deadbicycle /www/anti/images phorum.gif
2003.04.13 02:52 B C:\Documents and Settings\dhstii\My Documents\pictures\deadbicycle\anti\images\tinyboyvector.jpg <-- deadbicycle /www/anti/images tinyboyvector.jpg
2003.04.13 23:48 A C:\Documents and Settings\dhstii\My Documents\deadbicycle\anti\images\button.gif --> deaddeaddead.com /public_html/anti/images button.gif
2003.04.13 23:48 A C:\Documents and Settings\dhstii\My Documents\deadbicycle\anti\images\c-invert.gif --> deaddeaddead.com /public_html/anti/images c-invert.gif
2003.04.13 23:48 A C:\Documents and Settings\dhstii\My Documents\deadbicycle\anti\images\c.gif --> deaddeaddead.com /public_html/anti/images c.gif
2003.04.13 23:48 A C:\Documents and Settings\dhstii\My Documents\deadbicycle\anti\images\c2.gif --> deaddeaddead.com /public_html/anti/images c2.gif
2003.04.13 23:48 A C:\Documents and Settings\dhstii\My Documents\deadbicycle\anti\images\fc-invert.gif --> deaddeaddead.com /public_html/anti/images fc-invert.gif
2003.04.13 23:48 A C:\Documents and Settings\dhstii\My Documents\deadbicycle\anti\images\fc.gif --> deaddeaddead.com /public_html/anti/images fc.gif
2003.04.13 23:48 A C:\Documents and Settings\dhstii\My Documents\deadbicycle\anti\images\file.gif --> deaddeaddead.com /public_html/anti/images file.gif
2003.04.13 23:48 A C:\Documents and Settings\dhstii\My Documents\deadbicycle\anti\images\fn-invert.gif --> deaddeaddead.com /public_html/anti/images fn-invert.gif
2003.04.13 23:48 A C:\Documents and Settings\dhstii\My Documents\deadbicycle\anti\images\fn.gif --> deaddeaddead.com /public_html/anti/images fn.gif
2003.04.13 23:48 A C:\Documents and Settings\dhstii\My Documents\deadbicycle\anti\images\help.gif --> deaddeaddead.com /public_html/anti/images help.gif
2003.04.13 23:48 A C:\Documents and Settings\dhstii\My Documents\deadbicycle\anti\images\house2.jpg --> deaddeaddead.com /public_html/anti/images house2.jpg
2003.04.13 23:48 A C:\Documents and Settings\dhstii\My Documents\deadbicycle\anti\images\i-invert.gif --> deaddeaddead.com /public_html/anti/images i-invert.gif
2003.04.13 23:48 A C:\Documents and Settings\dhstii\My Documents\deadbicycle\anti\images\i.gif --> deaddeaddead.com /public_html/anti/images i.gif
2003.04.13 23:48 A C:\Documents and Settings\dhstii\My Documents\deadbicycle\anti\images\i2.gif --> deaddeaddead.com /public_html/anti/images i2.gif
2003.04.13 23:48 A C:\Documents and Settings\dhstii\My Documents\deadbicycle\anti\images\icon_aim.gif --> deaddeaddead.com /public_html/anti/images icon_aim.gif
2003.04.13 23:48 A C:\Documents and Settings\dhstii\My Documents\deadbicycle\anti\images\icon_icq.gif --> deaddeaddead.com /public_html/anti/images icon_icq.gif
2003.04.13 23:48 A C:\Documents and Settings\dhstii\My Documents\deadbicycle\anti\images\icon_jabber.gif --> deaddeaddead.com /public_html/anti/images icon_jabber.gif
2003.04.13 23:48 A C:\Documents and Settings\dhstii\My Documents\deadbicycle\anti\images\icon_msn.gif --> deaddeaddead.com /public_html/anti/images icon_msn.gif
2003.04.13 23:48 A C:\Documents and Settings\dhstii\My Documents\deadbicycle\anti\images\icon_yahoo.gif --> deaddeaddead.com /public_html/anti/images icon_yahoo.gif
2003.04.13 23:48 A C:\Documents and Settings\dhstii\My Documents\deadbicycle\anti\images\image.gif --> deaddeaddead.com /public_html/anti/images image.gif
2003.04.13 23:48 A C:\Documents and Settings\dhstii\My Documents\deadbicycle\anti\images\l-invert.gif --> deaddeaddead.com /public_html/anti/images l-invert.gif
2003.04.13 23:48 A C:\Documents and Settings\dhstii\My Documents\deadbicycle\anti\images\l.gif --> deaddeaddead.com /public_html/anti/images l.gif
2003.04.13 23:48 A C:\Documents and Settings\dhstii\My Documents\deadbicycle\anti\images\l2.gif --> deaddeaddead.com /public_html/anti/images l2.gif
2003.04.13 23:48 A C:\Documents and Settings\dhstii\My Documents\deadbicycle\anti\images\l33t.gif --> deaddeaddead.com /public_html/anti/images l33t.gif
2003.04.13 23:49 A C:\Documents and Settings\dhstii\My Documents\deadbicycle\anti\images\legotrash.jpg --> deaddeaddead.com /public_html/anti/images legotrash.jpg
2003.04.13 23:49 A C:\Documents and Settings\dhstii\My Documents\deadbicycle\anti\images\load.gif --> deaddeaddead.com /public_html/anti/images load.gif
2003.04.13 23:49 A C:\Documents and Settings\dhstii\My Documents\deadbicycle\anti\images\m-invert.gif --> deaddeaddead.com /public_html/anti/images m-invert.gif
2003.04.13 23:49 A C:\Documents and Settings\dhstii\My Documents\deadbicycle\anti\images\m.gif --> deaddeaddead.com /public_html/anti/images m.gif
2003.04.13 23:49 A C:\Documents and Settings\dhstii\My Documents\deadbicycle\anti\images\m2.gif --> deaddeaddead.com /public_html/anti/images m2.gif
2003.04.13 23:49 A C:\Documents and Settings\dhstii\My Documents\deadbicycle\anti\images\n-invert.gif --> deaddeaddead.com /public_html/anti/images n-invert.gif
2003.04.13 23:49 A C:\Documents and Settings\dhstii\My Documents\deadbicycle\anti\images\n.gif --> deaddeaddead.com /public_html/anti/images n.gif
2003.04.13 23:49 A C:\Documents and Settings\dhstii\My Documents\deadbicycle\anti\images\n2.gif --> deaddeaddead.com /public_html/anti/images n2.gif
2003.04.13 23:49 A C:\Documents and Settings\dhstii\My Documents\deadbicycle\anti\images\n3.gif --> deaddeaddead.com /public_html/anti/images n3.gif
2003.04.13 23:49 A C:\Documents and Settings\dhstii\My Documents\deadbicycle\anti\images\n4.gif --> deaddeaddead.com /public_html/anti/images n4.gif
2003.04.13 23:49 A C:\Documents and Settings\dhstii\My Documents\deadbicycle\anti\images\next1.jpg --> deaddeaddead.com /public_html/anti/images next1.jpg
2003.04.13 23:49 A C:\Documents and Settings\dhstii\My Documents\deadbicycle\anti\images\next2.jpg --> deaddeaddead.com /public_html/anti/images next2.jpg
2003.04.13 23:49 A C:\Documents and Settings\dhstii\My Documents\deadbicycle\anti\images\next3.jpg --> deaddeaddead.com /public_html/anti/images next3.jpg
2003.04.13 23:49 A C:\Documents and Settings\dhstii\My Documents\deadbicycle\anti\images\next4.jpg --> deaddeaddead.com /public_html/anti/images next4.jpg
2003.04.13 23:49 A C:\Documents and Settings\dhstii\My Documents\deadbicycle\anti\images\p-invert.gif --> deaddeaddead.com /public_html/anti/images p-invert.gif
2003.04.13 23:49 A C:\Documents and Settings\dhstii\My Documents\deadbicycle\anti\images\p.gif --> deaddeaddead.com /public_html/anti/images p.gif
2003.04.13 23:49 A C:\Documents and Settings\dhstii\My Documents\deadbicycle\anti\images\p2.gif --> deaddeaddead.com /public_html/anti/images p2.gif
2003.04.13 23:49 A C:\Documents and Settings\dhstii\My Documents\deadbicycle\anti\images\phorum.gif --> deaddeaddead.com /public_html/anti/images phorum.gif
2003.04.13 23:49 A C:\Documents and Settings\dhstii\My Documents\deadbicycle\anti\images\t-invert.gif --> deaddeaddead.com /public_html/anti/images t-invert.gif
2003.04.13 23:49 A C:\Documents and Settings\dhstii\My Documents\deadbicycle\anti\images\t.gif --> deaddeaddead.com /public_html/anti/images t.gif
2003.04.13 23:49 A C:\Documents and Settings\dhstii\My Documents\deadbicycle\anti\images\t2.gif --> deaddeaddead.com /public_html/anti/images t2.gif
2003.04.13 23:49 A C:\Documents and Settings\dhstii\My Documents\deadbicycle\anti\images\tinyboyvector.jpg --> deaddeaddead.com /public_html/anti/images tinyboyvector.jpg
2003.04.13 23:49 A C:\Documents and Settings\dhstii\My Documents\deadbicycle\anti\images\trans.gif --> deaddeaddead.com /public_html/anti/images trans.gif
2003.04.13 23:49 A C:\Documents and Settings\dhstii\My Documents\deadbicycle\anti\images\WS_FTP.LOG --> deaddeaddead.com /public_html/anti/images WS_FTP.LOG
