2003.04.13 02:51 A C:\Documents and Settings\dhstii\My Documents\pictures\deadbicycle\anti\afterlog.php <-- deadbicycle /www/anti afterlog.php
2003.04.13 02:51 A C:\Documents and Settings\dhstii\My Documents\pictures\deadbicycle\anti\ambulence.php <-- deadbicycle /www/anti ambulence.php
2003.04.13 02:51 A C:\Documents and Settings\dhstii\My Documents\pictures\deadbicycle\anti\attach.php <-- deadbicycle /www/anti attach.php
2003.04.13 02:51 A C:\Documents and Settings\dhstii\My Documents\pictures\deadbicycle\anti\castlecommon.php <-- deadbicycle /www/anti castlecommon.php
2003.04.13 02:51 A C:\Documents and Settings\dhstii\My Documents\pictures\deadbicycle\anti\castlecommon2.php <-- deadbicycle /www/anti castlecommon2.php
2003.04.13 02:51 A C:\Documents and Settings\dhstii\My Documents\pictures\deadbicycle\anti\castlepost.php <-- deadbicycle /www/anti castlepost.php
2003.04.13 02:51 A C:\Documents and Settings\dhstii\My Documents\pictures\deadbicycle\anti\castlepostreply.php <-- deadbicycle /www/anti castlepostreply.php
2003.04.13 02:51 A C:\Documents and Settings\dhstii\My Documents\pictures\deadbicycle\anti\castleread.php <-- deadbicycle /www/anti castleread.php
2003.04.13 02:51 A C:\Documents and Settings\dhstii\My Documents\pictures\deadbicycle\anti\common.php <-- deadbicycle /www/anti common.php
2003.04.13 02:51 A C:\Documents and Settings\dhstii\My Documents\pictures\deadbicycle\anti\common2.php <-- deadbicycle /www/anti common2.php
2003.04.13 02:51 A C:\Documents and Settings\dhstii\My Documents\pictures\deadbicycle\anti\common3.php <-- deadbicycle /www/anti common3.php
2003.04.13 02:51 A C:\Documents and Settings\dhstii\My Documents\pictures\deadbicycle\anti\common4.php <-- deadbicycle /www/anti common4.php
2003.04.13 02:51 A C:\Documents and Settings\dhstii\My Documents\pictures\deadbicycle\anti\common5.php <-- deadbicycle /www/anti common5.php
2003.04.13 02:51 A C:\Documents and Settings\dhstii\My Documents\pictures\deadbicycle\anti\commonnoise.php <-- deadbicycle /www/anti commonnoise.php
2003.04.13 02:51 A C:\Documents and Settings\dhstii\My Documents\pictures\deadbicycle\anti\css.php <-- deadbicycle /www/anti css.php
2003.04.13 02:51 A C:\Documents and Settings\dhstii\My Documents\pictures\deadbicycle\anti\css2.php <-- deadbicycle /www/anti css2.php
2003.04.13 02:51 A C:\Documents and Settings\dhstii\My Documents\pictures\deadbicycle\anti\dead.php <-- deadbicycle /www/anti dead.php
2003.04.13 02:51 A C:\Documents and Settings\dhstii\My Documents\pictures\deadbicycle\anti\deadnoise.php <-- deadbicycle /www/anti deadnoise.php
2003.04.13 02:51 A C:\Documents and Settings\dhstii\My Documents\pictures\deadbicycle\anti\deadnoises.php <-- deadbicycle /www/anti deadnoises.php
2003.04.13 02:51 A C:\Documents and Settings\dhstii\My Documents\pictures\deadbicycle\anti\down.php <-- deadbicycle /www/anti down.php
2003.04.13 02:51 A C:\Documents and Settings\dhstii\My Documents\pictures\deadbicycle\anti\download.php <-- deadbicycle /www/anti download.php
2003.04.13 02:51 A C:\Documents and Settings\dhstii\My Documents\pictures\deadbicycle\anti\edit.php <-- deadbicycle /www/anti edit.php
2003.04.13 02:51 A C:\Documents and Settings\dhstii\My Documents\pictures\deadbicycle\anti\feeder.php <-- deadbicycle /www/anti feeder.php
2003.04.13 02:51 A C:\Documents and Settings\dhstii\My Documents\pictures\deadbicycle\anti\feeding.php <-- deadbicycle /www/anti feeding.php
2003.04.13 02:51 A C:\Documents and Settings\dhstii\My Documents\pictures\deadbicycle\anti\feedit.php <-- deadbicycle /www/anti feedit.php
2003.04.13 02:51 A C:\Documents and Settings\dhstii\My Documents\pictures\deadbicycle\anti\feedlogin.php <-- deadbicycle /www/anti feedlogin.php
2003.04.13 02:51 A C:\Documents and Settings\dhstii\My Documents\pictures\deadbicycle\anti\feedmoderator.php <-- deadbicycle /www/anti feedmoderator.php
2003.04.13 02:51 A C:\Documents and Settings\dhstii\My Documents\pictures\deadbicycle\anti\feedprofile.php <-- deadbicycle /www/anti feedprofile.php
2003.04.13 02:51 A C:\Documents and Settings\dhstii\My Documents\pictures\deadbicycle\anti\global.css <-- deadbicycle /www/anti global.css
2003.04.13 02:51 A C:\Documents and Settings\dhstii\My Documents\pictures\deadbicycle\anti\help.php <-- deadbicycle /www/anti help.php
2003.04.13 02:51 A C:\Documents and Settings\dhstii\My Documents\pictures\deadbicycle\anti\help1.php <-- deadbicycle /www/anti help1.php
2003.04.13 02:51 A C:\Documents and Settings\dhstii\My Documents\pictures\deadbicycle\anti\index.html <-- deadbicycle /www/anti index.html
2003.04.13 02:51 A C:\Documents and Settings\dhstii\My Documents\pictures\deadbicycle\anti\index.php <-- deadbicycle /www/anti index.php
2003.04.13 02:51 A C:\Documents and Settings\dhstii\My Documents\pictures\deadbicycle\anti\index2.php <-- deadbicycle /www/anti index2.php
2003.04.13 02:51 A C:\Documents and Settings\dhstii\My Documents\pictures\deadbicycle\anti\list.php <-- deadbicycle /www/anti list.php
2003.04.13 02:51 A C:\Documents and Settings\dhstii\My Documents\pictures\deadbicycle\anti\logged.php <-- deadbicycle /www/anti logged.php
2003.04.13 02:51 A C:\Documents and Settings\dhstii\My Documents\pictures\deadbicycle\anti\logged2.php <-- deadbicycle /www/anti logged2.php
2003.04.13 02:51 A C:\Documents and Settings\dhstii\My Documents\pictures\deadbicycle\anti\loggedin.php <-- deadbicycle /www/anti loggedin.php
2003.04.13 02:51 A C:\Documents and Settings\dhstii\My Documents\pictures\deadbicycle\anti\loggedinre.php <-- deadbicycle /www/anti loggedinre.php
2003.04.13 02:52 A C:\Documents and Settings\dhstii\My Documents\pictures\deadbicycle\anti\login.php <-- deadbicycle /www/anti login.php
2003.04.13 02:52 A C:\Documents and Settings\dhstii\My Documents\pictures\deadbicycle\anti\loginre.php <-- deadbicycle /www/anti loginre.php
2003.04.13 02:52 A C:\Documents and Settings\dhstii\My Documents\pictures\deadbicycle\anti\love.html <-- deadbicycle /www/anti love.html
2003.04.13 02:52 A C:\Documents and Settings\dhstii\My Documents\pictures\deadbicycle\anti\makenoise.php <-- deadbicycle /www/anti makenoise.php
2003.04.13 02:52 A C:\Documents and Settings\dhstii\My Documents\pictures\deadbicycle\anti\makenoises.php <-- deadbicycle /www/anti makenoises.php
2003.04.13 02:52 A C:\Documents and Settings\dhstii\My Documents\pictures\deadbicycle\anti\moderator.php <-- deadbicycle /www/anti moderator.php
2003.04.13 02:52 A C:\Documents and Settings\dhstii\My Documents\pictures\deadbicycle\anti\navigation.php <-- deadbicycle /www/anti navigation.php
2003.04.13 02:52 A C:\Documents and Settings\dhstii\My Documents\pictures\deadbicycle\anti\noise.php <-- deadbicycle /www/anti noise.php
2003.04.13 02:52 A C:\Documents and Settings\dhstii\My Documents\pictures\deadbicycle\anti\phorumbackup.css <-- deadbicycle /www/anti phorumbackup.css
2003.04.13 02:52 A C:\Documents and Settings\dhstii\My Documents\pictures\deadbicycle\anti\post.php <-- deadbicycle /www/anti post.php
2003.04.13 02:52 A C:\Documents and Settings\dhstii\My Documents\pictures\deadbicycle\anti\postreply.php <-- deadbicycle /www/anti postreply.php
2003.04.13 02:52 A C:\Documents and Settings\dhstii\My Documents\pictures\deadbicycle\anti\profile.php <-- deadbicycle /www/anti profile.php
2003.04.13 02:52 A C:\Documents and Settings\dhstii\My Documents\pictures\deadbicycle\anti\read.php <-- deadbicycle /www/anti read.php
2003.04.13 02:52 A C:\Documents and Settings\dhstii\My Documents\pictures\deadbicycle\anti\register.php <-- deadbicycle /www/anti register.php
2003.04.13 02:52 A C:\Documents and Settings\dhstii\My Documents\pictures\deadbicycle\anti\search.php <-- deadbicycle /www/anti search.php
2003.04.13 02:52 A C:\Documents and Settings\dhstii\My Documents\pictures\deadbicycle\anti\simple_search.php <-- deadbicycle /www/anti simple_search.php
2003.04.13 02:52 A C:\Documents and Settings\dhstii\My Documents\pictures\deadbicycle\anti\tempprofile.php <-- deadbicycle /www/anti tempprofile.php
2003.04.13 02:52 A C:\Documents and Settings\dhstii\My Documents\pictures\deadbicycle\anti\violation.php <-- deadbicycle /www/anti violation.php
2003.04.13 02:52 A C:\Documents and Settings\dhstii\My Documents\pictures\deadbicycle\anti\yhfeeding.php <-- deadbicycle /www/anti yhfeeding.php
2003.04.13 23:50 A C:\Documents and Settings\dhstii\My Documents\deadbicycle\anti\afterlog.php --> deaddeaddead.com /public_html/anti afterlog.php
2003.04.13 23:50 A C:\Documents and Settings\dhstii\My Documents\deadbicycle\anti\ambulence.php --> deaddeaddead.com /public_html/anti ambulence.php
2003.04.13 23:50 A C:\Documents and Settings\dhstii\My Documents\deadbicycle\anti\attach.php --> deaddeaddead.com /public_html/anti attach.php
2003.04.13 23:50 A C:\Documents and Settings\dhstii\My Documents\deadbicycle\anti\castlecommon.php --> deaddeaddead.com /public_html/anti castlecommon.php
2003.04.13 23:50 A C:\Documents and Settings\dhstii\My Documents\deadbicycle\anti\castlecommon2.php --> deaddeaddead.com /public_html/anti castlecommon2.php
2003.04.13 23:50 A C:\Documents and Settings\dhstii\My Documents\deadbicycle\anti\castlepost.php --> deaddeaddead.com /public_html/anti castlepost.php
2003.04.13 23:50 A C:\Documents and Settings\dhstii\My Documents\deadbicycle\anti\castlepostreply.php --> deaddeaddead.com /public_html/anti castlepostreply.php
2003.04.13 23:50 A C:\Documents and Settings\dhstii\My Documents\deadbicycle\anti\castleread.php --> deaddeaddead.com /public_html/anti castleread.php
2003.04.13 23:50 A C:\Documents and Settings\dhstii\My Documents\deadbicycle\anti\common.php --> deaddeaddead.com /public_html/anti common.php
2003.04.13 23:50 A C:\Documents and Settings\dhstii\My Documents\deadbicycle\anti\common2.php --> deaddeaddead.com /public_html/anti common2.php
2003.04.13 23:50 A C:\Documents and Settings\dhstii\My Documents\deadbicycle\anti\common3.php --> deaddeaddead.com /public_html/anti common3.php
2003.04.13 23:50 A C:\Documents and Settings\dhstii\My Documents\deadbicycle\anti\common4.php --> deaddeaddead.com /public_html/anti common4.php
2003.04.13 23:50 A C:\Documents and Settings\dhstii\My Documents\deadbicycle\anti\common5.php --> deaddeaddead.com /public_html/anti common5.php
2003.04.13 23:50 A C:\Documents and Settings\dhstii\My Documents\deadbicycle\anti\commonnoise.php --> deaddeaddead.com /public_html/anti commonnoise.php
2003.04.13 23:50 A C:\Documents and Settings\dhstii\My Documents\deadbicycle\anti\css.php --> deaddeaddead.com /public_html/anti css.php
2003.04.13 23:50 A C:\Documents and Settings\dhstii\My Documents\deadbicycle\anti\css2.php --> deaddeaddead.com /public_html/anti css2.php
2003.04.13 23:50 A C:\Documents and Settings\dhstii\My Documents\deadbicycle\anti\dead.php --> deaddeaddead.com /public_html/anti dead.php
2003.04.13 23:50 A C:\Documents and Settings\dhstii\My Documents\deadbicycle\anti\deadnoise.php --> deaddeaddead.com /public_html/anti deadnoise.php
2003.04.13 23:50 A C:\Documents and Settings\dhstii\My Documents\deadbicycle\anti\deadnoises.php --> deaddeaddead.com /public_html/anti deadnoises.php
2003.04.13 23:50 A C:\Documents and Settings\dhstii\My Documents\deadbicycle\anti\down.php --> deaddeaddead.com /public_html/anti down.php
2003.04.13 23:50 A C:\Documents and Settings\dhstii\My Documents\deadbicycle\anti\download.php --> deaddeaddead.com /public_html/anti download.php
2003.04.13 23:50 A C:\Documents and Settings\dhstii\My Documents\deadbicycle\anti\edit.php --> deaddeaddead.com /public_html/anti edit.php
2003.04.13 23:50 A C:\Documents and Settings\dhstii\My Documents\deadbicycle\anti\feeder.php --> deaddeaddead.com /public_html/anti feeder.php
2003.04.13 23:50 A C:\Documents and Settings\dhstii\My Documents\deadbicycle\anti\feeding.php --> deaddeaddead.com /public_html/anti feeding.php
2003.04.13 23:50 A C:\Documents and Settings\dhstii\My Documents\deadbicycle\anti\feedit.php --> deaddeaddead.com /public_html/anti feedit.php
2003.04.13 23:50 A C:\Documents and Settings\dhstii\My Documents\deadbicycle\anti\feedlogin.php --> deaddeaddead.com /public_html/anti feedlogin.php
2003.04.13 23:50 A C:\Documents and Settings\dhstii\My Documents\deadbicycle\anti\feedmoderator.php --> deaddeaddead.com /public_html/anti feedmoderator.php
2003.04.13 23:50 A C:\Documents and Settings\dhstii\My Documents\deadbicycle\anti\feedprofile.php --> deaddeaddead.com /public_html/anti feedprofile.php
2003.04.13 23:50 A C:\Documents and Settings\dhstii\My Documents\deadbicycle\anti\global.css --> deaddeaddead.com /public_html/anti global.css
2003.04.13 23:50 A C:\Documents and Settings\dhstii\My Documents\deadbicycle\anti\help.php --> deaddeaddead.com /public_html/anti help.php
2003.04.13 23:50 A C:\Documents and Settings\dhstii\My Documents\deadbicycle\anti\help1.php --> deaddeaddead.com /public_html/anti help1.php
2003.04.13 23:50 A C:\Documents and Settings\dhstii\My Documents\deadbicycle\anti\index.html --> deaddeaddead.com /public_html/anti index.html
2003.04.13 23:50 A C:\Documents and Settings\dhstii\My Documents\deadbicycle\anti\index.php --> deaddeaddead.com /public_html/anti index.php
2003.04.13 23:50 A C:\Documents and Settings\dhstii\My Documents\deadbicycle\anti\index2.php --> deaddeaddead.com /public_html/anti index2.php
2003.04.13 23:50 A C:\Documents and Settings\dhstii\My Documents\deadbicycle\anti\list.php --> deaddeaddead.com /public_html/anti list.php
2003.04.13 23:50 A C:\Documents and Settings\dhstii\My Documents\deadbicycle\anti\logged.php --> deaddeaddead.com /public_html/anti logged.php
2003.04.13 23:50 A C:\Documents and Settings\dhstii\My Documents\deadbicycle\anti\logged2.php --> deaddeaddead.com /public_html/anti logged2.php
2003.04.13 23:50 A C:\Documents and Settings\dhstii\My Documents\deadbicycle\anti\loggedin.php --> deaddeaddead.com /public_html/anti loggedin.php
2003.04.13 23:50 A C:\Documents and Settings\dhstii\My Documents\deadbicycle\anti\loggedinre.php --> deaddeaddead.com /public_html/anti loggedinre.php
2003.04.13 23:50 A C:\Documents and Settings\dhstii\My Documents\deadbicycle\anti\login.php --> deaddeaddead.com /public_html/anti login.php
2003.04.13 23:50 A C:\Documents and Settings\dhstii\My Documents\deadbicycle\anti\loginre.php --> deaddeaddead.com /public_html/anti loginre.php
2003.04.13 23:50 A C:\Documents and Settings\dhstii\My Documents\deadbicycle\anti\love.html --> deaddeaddead.com /public_html/anti love.html
2003.04.13 23:50 A C:\Documents and Settings\dhstii\My Documents\deadbicycle\anti\makenoise.php --> deaddeaddead.com /public_html/anti makenoise.php
2003.04.13 23:50 A C:\Documents and Settings\dhstii\My Documents\deadbicycle\anti\makenoises.php --> deaddeaddead.com /public_html/anti makenoises.php
2003.04.13 23:50 A C:\Documents and Settings\dhstii\My Documents\deadbicycle\anti\moderator.php --> deaddeaddead.com /public_html/anti moderator.php
2003.04.13 23:50 A C:\Documents and Settings\dhstii\My Documents\deadbicycle\anti\navigation.php --> deaddeaddead.com /public_html/anti navigation.php
2003.04.13 23:50 A C:\Documents and Settings\dhstii\My Documents\deadbicycle\anti\no.php --> deaddeaddead.com /public_html/anti no.php
2003.04.13 23:50 A C:\Documents and Settings\dhstii\My Documents\deadbicycle\anti\noise.php --> deaddeaddead.com /public_html/anti noise.php
2003.04.13 23:50 A C:\Documents and Settings\dhstii\My Documents\deadbicycle\anti\phorumbackup.css --> deaddeaddead.com /public_html/anti phorumbackup.css
2003.04.13 23:50 A C:\Documents and Settings\dhstii\My Documents\deadbicycle\anti\post.php --> deaddeaddead.com /public_html/anti post.php
2003.04.13 23:50 A C:\Documents and Settings\dhstii\My Documents\deadbicycle\anti\postreply.php --> deaddeaddead.com /public_html/anti postreply.php
2003.04.13 23:50 A C:\Documents and Settings\dhstii\My Documents\deadbicycle\anti\profile.php --> deaddeaddead.com /public_html/anti profile.php
2003.04.13 23:50 A C:\Documents and Settings\dhstii\My Documents\deadbicycle\anti\read.php --> deaddeaddead.com /public_html/anti read.php
2003.04.13 23:50 A C:\Documents and Settings\dhstii\My Documents\deadbicycle\anti\register.php --> deaddeaddead.com /public_html/anti register.php
2003.04.13 23:50 A C:\Documents and Settings\dhstii\My Documents\deadbicycle\anti\search.php --> deaddeaddead.com /public_html/anti search.php
2003.04.13 23:50 A C:\Documents and Settings\dhstii\My Documents\deadbicycle\anti\simple_search.php --> deaddeaddead.com /public_html/anti simple_search.php
2003.04.13 23:50 A C:\Documents and Settings\dhstii\My Documents\deadbicycle\anti\tempprofile.php --> deaddeaddead.com /public_html/anti tempprofile.php
2003.04.13 23:50 A C:\Documents and Settings\dhstii\My Documents\deadbicycle\anti\violation.php --> deaddeaddead.com /public_html/anti violation.php
2003.04.13 23:50 A C:\Documents and Settings\dhstii\My Documents\deadbicycle\anti\WS_FTP.LOG --> deaddeaddead.com /public_html/anti WS_FTP.LOG
2003.04.13 23:50 A C:\Documents and Settings\dhstii\My Documents\deadbicycle\anti\yhfeeding.php --> deaddeaddead.com /public_html/anti yhfeeding.php
