2003.04.13 02:53 A C:\Documents and Settings\dhstii\My Documents\pictures\deadbicycle\cgi-bin\list\address.txt <-- deadbicycle /www/cgi-bin/list address.txt
2003.04.13 02:53 A C:\Documents and Settings\dhstii\My Documents\pictures\deadbicycle\cgi-bin\list\earl.cgi <-- deadbicycle /www/cgi-bin/list earl.cgi
2003.04.13 02:53 A C:\Documents and Settings\dhstii\My Documents\pictures\deadbicycle\cgi-bin\list\jeffrey.log <-- deadbicycle /www/cgi-bin/list jeffrey.log
2003.04.13 02:53 A C:\Documents and Settings\dhstii\My Documents\pictures\deadbicycle\cgi-bin\list\lester.txt <-- deadbicycle /www/cgi-bin/list lester.txt
2003.04.13 02:53 A C:\Documents and Settings\dhstii\My Documents\pictures\deadbicycle\cgi-bin\list\mail.cgi <-- deadbicycle /www/cgi-bin/list mail.cgi
2003.04.13 23:51 A C:\Documents and Settings\dhstii\My Documents\deadbicycle\cgi-bin\list\address.txt --> deaddeaddead.com /public_html/cgi-bin/list address.txt
2003.04.13 23:51 A C:\Documents and Settings\dhstii\My Documents\deadbicycle\cgi-bin\list\earl.cgi --> deaddeaddead.com /public_html/cgi-bin/list earl.cgi
2003.04.13 23:51 A C:\Documents and Settings\dhstii\My Documents\deadbicycle\cgi-bin\list\jeffrey.log --> deaddeaddead.com /public_html/cgi-bin/list jeffrey.log
2003.04.13 23:51 A C:\Documents and Settings\dhstii\My Documents\deadbicycle\cgi-bin\list\lester.txt --> deaddeaddead.com /public_html/cgi-bin/list lester.txt
2003.04.13 23:51 A C:\Documents and Settings\dhstii\My Documents\deadbicycle\cgi-bin\list\mail.cgi --> deaddeaddead.com /public_html/cgi-bin/list mail.cgi
2003.04.13 23:51 A C:\Documents and Settings\dhstii\My Documents\deadbicycle\cgi-bin\list\WS_FTP.LOG --> deaddeaddead.com /public_html/cgi-bin/list WS_FTP.LOG
2003.04.17 01:42 A C:\Documents and Settings\dhstii\My Documents\deadbicycle\cgi-bin\list\address.txt --> deaddeaddead.com /public_html/cgi-bin/list address.txt
2003.04.17 01:42 A C:\Documents and Settings\dhstii\My Documents\deadbicycle\cgi-bin\list\earl.cgi --> deaddeaddead.com /public_html/cgi-bin/list earl.cgi
2003.04.17 01:42 A C:\Documents and Settings\dhstii\My Documents\deadbicycle\cgi-bin\list\jeffrey.log --> deaddeaddead.com /public_html/cgi-bin/list jeffrey.log
2003.04.17 01:42 A C:\Documents and Settings\dhstii\My Documents\deadbicycle\cgi-bin\list\lester.txt --> deaddeaddead.com /public_html/cgi-bin/list lester.txt
2003.04.17 01:42 A C:\Documents and Settings\dhstii\My Documents\deadbicycle\cgi-bin\list\mail.cgi --> deaddeaddead.com /public_html/cgi-bin/list mail.cgi
2003.04.17 02:48 A C:\Documents and Settings\dhstii\My Documents\deadbicycle\cgi-bin\list\jeffrey.log --> deaddeaddead.com /public_html/cgi-bin/list jeffrey.log
2003.04.17 02:49 A C:\Documents and Settings\dhstii\My Documents\deadbicycle\cgi-bin\list\address.txt --> deaddeaddead.com /public_html/broken/list address.txt
2003.04.17 02:49 A C:\Documents and Settings\dhstii\My Documents\deadbicycle\cgi-bin\list\earl.cgi --> deaddeaddead.com /public_html/broken/list earl.cgi
2003.04.17 02:49 A C:\Documents and Settings\dhstii\My Documents\deadbicycle\cgi-bin\list\jeffrey.log --> deaddeaddead.com /public_html/broken/list jeffrey.log
2003.04.17 02:49 A C:\Documents and Settings\dhstii\My Documents\deadbicycle\cgi-bin\list\lester.txt --> deaddeaddead.com /public_html/broken/list lester.txt
2003.04.17 02:49 A C:\Documents and Settings\dhstii\My Documents\deadbicycle\cgi-bin\list\mail.cgi --> deaddeaddead.com /public_html/broken/list mail.cgi
2003.04.17 02:49 A C:\Documents and Settings\dhstii\My Documents\deadbicycle\cgi-bin\list\WS_FTP.LOG --> deaddeaddead.com /public_html/broken/list WS_FTP.LOG
